<?xml version="1.0" encoding="UTF-8"?>
<!-- Generated by org.testng.reporters.JUnitReportReporter -->
<testsuite hostname="DESKTOP-OJU0P6V" failures="0" tests="6" name="com.qa.tests.ProviderDRNA" time="12.952" errors="0" timestamp="2024-03-02T09:46:52 IST" skipped="0">
  <testcase classname="com.qa.tests.ProviderDRNA" name="Token" time="3.425"/>
  <system-out/>
  <testcase classname="com.qa.tests.ProviderDRNA" name="ShipOwn" time="2.453"/>
  <system-out/>
  <testcase classname="com.qa.tests.ProviderDRNA" name="getTickets" time="1.755"/>
  <system-out/>
  <testcase classname="com.qa.tests.ProviderDRNA" name="getShipFees" time="1.695"/>
  <system-out/>
  <testcase classname="com.qa.tests.ProviderDRNA" name="TicketTransaction" time="1.790"/>
  <system-out/>
  <testcase classname="com.qa.tests.ProviderDRNA" name="reportShipRenewal" time="1.834"/>
  <system-out/>
</testsuite> <!-- com.qa.tests.ProviderDRNA -->
