<?xml version="1.0" encoding="UTF-8"?>
<!-- Generated by org.testng.reporters.JUnitReportReporter -->
<testsuite hostname="DESKTOP-OJU0P6V" failures="0" tests="6" name="com.qa.tests.Neptuno" time="7.153" errors="0" timestamp="2024-02-17T08:30:12 IST" skipped="0">
  <testcase classname="com.qa.tests.Neptuno" name="Token" time="2.270"/>
  <system-out/>
  <testcase classname="com.qa.tests.Neptuno" name="ShipOwn" time="1.502"/>
  <system-out/>
  <testcase classname="com.qa.tests.Neptuno" name="getTickets" time="0.648"/>
  <system-out/>
  <testcase classname="com.qa.tests.Neptuno" name="getShipFees" time="1.112"/>
  <system-out/>
  <testcase classname="com.qa.tests.Neptuno" name="TicketTransaction" time="0.603"/>
  <system-out/>
  <testcase classname="com.qa.tests.Neptuno" name="reportShipRenewal" time="1.018"/>
  <system-out/>
</testsuite> <!-- com.qa.tests.Neptuno -->
